/home/data/nbc/misc-projects/Salo_PowerReplication/code/conda_env/lib/python3.7/site-packages/nilearn/datasets/__init__.py:96: FutureWarning: Fetchers from the nilearn.datasets module will be updated in version 0.9 to return python strings instead of bytes and Pandas dataframes instead of Numpy arrays.
  "Numpy arrays.", FutureWarning)
/home/data/nbc/misc-projects/Salo_PowerReplication/code/conda_env/lib/python3.7/site-packages/nilearn/datasets/__init__.py:96: FutureWarning: Fetchers from the nilearn.datasets module will be updated in version 0.9 to return python strings instead of bytes and Pandas dataframes instead of Numpy arrays.
  "Numpy arrays.", FutureWarning)
/home/data/nbc/misc-projects/Salo_PowerReplication/code/conda_env/lib/python3.7/site-packages/nilearn/datasets/__init__.py:96: FutureWarning: Fetchers from the nilearn.datasets module will be updated in version 0.9 to return python strings instead of bytes and Pandas dataframes instead of Numpy arrays.
  "Numpy arrays.", FutureWarning)
/home/data/nbc/misc-projects/Salo_PowerReplication/code/conda_env/lib/python3.7/site-packages/nilearn/datasets/__init__.py:96: FutureWarning: Fetchers from the nilearn.datasets module will be updated in version 0.9 to return python strings instead of bytes and Pandas dataframes instead of Numpy arrays.
  "Numpy arrays.", FutureWarning)
/home/data/nbc/misc-projects/Salo_PowerReplication/code/conda_env/lib/python3.7/site-packages/nilearn/datasets/__init__.py:96: FutureWarning: Fetchers from the nilearn.datasets module will be updated in version 0.9 to return python strings instead of bytes and Pandas dataframes instead of Numpy arrays.
  "Numpy arrays.", FutureWarning)
/home/data/nbc/misc-projects/Salo_PowerReplication/code/conda_env/lib/python3.7/site-packages/nilearn/datasets/__init__.py:96: FutureWarning: Fetchers from the nilearn.datasets module will be updated in version 0.9 to return python strings instead of bytes and Pandas dataframes instead of Numpy arrays.
  "Numpy arrays.", FutureWarning)
/home/data/nbc/misc-projects/Salo_PowerReplication/code/conda_env/lib/python3.7/site-packages/nilearn/datasets/__init__.py:96: FutureWarning: Fetchers from the nilearn.datasets module will be updated in version 0.9 to return python strings instead of bytes and Pandas dataframes instead of Numpy arrays.
  "Numpy arrays.", FutureWarning)
/home/data/nbc/misc-projects/Salo_PowerReplication/code/conda_env/lib/python3.7/site-packages/nilearn/datasets/__init__.py:96: FutureWarning: Fetchers from the nilearn.datasets module will be updated in version 0.9 to return python strings instead of bytes and Pandas dataframes instead of Numpy arrays.
  "Numpy arrays.", FutureWarning)
/home/data/nbc/misc-projects/Salo_PowerReplication/code/conda_env/lib/python3.7/site-packages/nilearn/datasets/__init__.py:96: FutureWarning: Fetchers from the nilearn.datasets module will be updated in version 0.9 to return python strings instead of bytes and Pandas dataframes instead of Numpy arrays.
  "Numpy arrays.", FutureWarning)
/home/data/nbc/misc-projects/Salo_PowerReplication/code/conda_env/lib/python3.7/site-packages/nilearn/datasets/__init__.py:96: FutureWarning: Fetchers from the nilearn.datasets module will be updated in version 0.9 to return python strings instead of bytes and Pandas dataframes instead of Numpy arrays.
  "Numpy arrays.", FutureWarning)
/home/data/nbc/misc-projects/Salo_PowerReplication/code/conda_env/lib/python3.7/site-packages/nilearn/datasets/__init__.py:96: FutureWarning: Fetchers from the nilearn.datasets module will be updated in version 0.9 to return python strings instead of bytes and Pandas dataframes instead of Numpy arrays.
  "Numpy arrays.", FutureWarning)
/home/data/nbc/misc-projects/Salo_PowerReplication/code/conda_env/lib/python3.7/site-packages/nilearn/datasets/__init__.py:96: FutureWarning: Fetchers from the nilearn.datasets module will be updated in version 0.9 to return python strings instead of bytes and Pandas dataframes instead of Numpy arrays.
  "Numpy arrays.", FutureWarning)
Traceback (most recent call last):
  File "/home/data/nbc/misc-projects/Salo_PowerReplication/code/experiment-1/05_resp_and_fc.py", line 177, in <module>
    run_ddmra_of_rpv(project_dir, participants_file, target_file_patterns)
  File "/home/data/nbc/misc-projects/Salo_PowerReplication/code/experiment-1/05_resp_and_fc.py", line 63, in run_ddmra_of_rpv
    target_files, rpv_confounds, out_dir=filetype_out_dir, n_jobs=4
  File "../utils.py", line 270, in run_reduced_analyses
    qcrsfc_values = analysis.qcrsfc_analysis(mean_qc, z_corr_mats)
  File "/home/data/nbc/misc-projects/Salo_PowerReplication/code/conda_env/lib/python3.7/site-packages/ddmra/analysis.py", line 157, in qcrsfc_analysis
    qcrsfc_rs = fast_pearson(corr_mats.T, mean_qcs)
  File "/home/data/nbc/misc-projects/Salo_PowerReplication/code/conda_env/lib/python3.7/site-packages/ddmra/utils.py", line 152, in fast_pearson
    assert y.shape[0] == X.shape[1]
AssertionError
/home/data/nbc/misc-projects/Salo_PowerReplication/code/conda_env/lib/python3.7/site-packages/nilearn/datasets/__init__.py:96: FutureWarning: Fetchers from the nilearn.datasets module will be updated in version 0.9 to return python strings instead of bytes and Pandas dataframes instead of Numpy arrays.
  "Numpy arrays.", FutureWarning)
/home/data/nbc/misc-projects/Salo_PowerReplication/code/experiment-1/06_ica_global_signal.py:122: RuntimeWarning: invalid value encountered in long_scalars
  np.sum(rej_corrs > 0.3) / rej_corrs.size
/home/data/nbc/misc-projects/Salo_PowerReplication/code/experiment-1/06_ica_global_signal.py:132: RuntimeWarning: invalid value encountered in long_scalars
  np.sum(rej_corrs > 0.5) / rej_corrs.size
/home/data/nbc/misc-projects/Salo_PowerReplication/code/experiment-1/06_ica_global_signal.py:137: RuntimeWarning: Mean of empty slice
  out_df.loc[subj_id, "rejected mean z"] = np.nanmean(np.arctanh(rej_corrs))
/home/data/nbc/misc-projects/Salo_PowerReplication/code/experiment-1/06_ica_global_signal.py:118: RuntimeWarning: invalid value encountered in long_scalars
  np.sum(acc_corrs > 0.3) / acc_corrs.size
/home/data/nbc/misc-projects/Salo_PowerReplication/code/experiment-1/06_ica_global_signal.py:128: RuntimeWarning: invalid value encountered in long_scalars
  np.sum(acc_corrs > 0.5) / acc_corrs.size
/home/data/nbc/misc-projects/Salo_PowerReplication/code/experiment-1/06_ica_global_signal.py:136: RuntimeWarning: Mean of empty slice
  out_df.loc[subj_id, "accepted mean z"] = np.nanmean(np.arctanh(acc_corrs))
