Experiment 1, Analysis Group 5
Experiment 1, Analysis Group 5, Analysis 1
29/31 participants retained.
	OC
	MEDN
	MEDN Noise
	MEDN+GODEC (sparse)
	MEDN+Nuis-Reg
	MEDN+RVT-Reg
	MEDN+RV-Reg
	MEDN+aCompCor
	MEDN+dGSR
	MEDN+MIR
	MEDN+GSR
Experiment 1, Analysis Group 5, Analysis 2
29/31 participants retained.
	OC
	MEDN
	MEDN Noise
	MEDN+GODEC (sparse)
	MEDN+Nuis-Reg
	MEDN+RVT-Reg
	MEDN+RV-Reg
	MEDN+aCompCor
	MEDN+dGSR
	MEDN+MIR
	MEDN+GSR
Experiment 1, Analysis Group 5, Analysis 3
29/31 participants retained.
	OC
	MEDN
	MEDN Noise
	MEDN+GODEC (sparse)
	MEDN+Nuis-Reg
